  Main.cpp
C:\Users\andrz\Desktop\c++ obiektowy\Project2\Project2\Main.cpp(13,23): warning C4018: "<": niezgodność typu ze znakiem/bez znaku
C:\Users\andrz\Desktop\c++ obiektowy\Project2\Project2\Main.cpp(33,70): warning C4244: "argument": konwersja z "const T" do "unsigned int", możliwa utrata danych
          with
          [
              T=float
          ]
C:\Users\andrz\Desktop\c++ obiektowy\Project2\Project2\Main.cpp(33,55): warning C4244: "argument": konwersja z "const T" do "unsigned int", możliwa utrata danych
          with
          [
              T=float
          ]
  pacman.cpp
C:\Users\andrz\Desktop\c++ obiektowy\Project2\Project2\pacman.cpp(157,23): warning C4018: "<": niezgodność typu ze znakiem/bez znaku
C:\Users\andrz\Desktop\c++ obiektowy\Project2\Project2\pacman.cpp(514,23): warning C4018: "<": niezgodność typu ze znakiem/bez znaku
C:\Users\andrz\Desktop\c++ obiektowy\Project2\Project2\pacman.cpp(578,12): warning C4305: "argument": obcięcie z "double" do "T"
          with
          [
              T=float
          ]
C:\Users\andrz\Desktop\c++ obiektowy\Project2\Project2\pacman.cpp(579,17): warning C4305: "argument": obcięcie z "double" do "T"
          with
          [
              T=float
          ]
C:\Users\andrz\Desktop\c++ obiektowy\Project2\Project2\pacman.cpp(583,12): warning C4305: "argument": obcięcie z "double" do "T"
          with
          [
              T=float
          ]
C:\Users\andrz\Desktop\c++ obiektowy\Project2\Project2\pacman.cpp(584,17): warning C4305: "argument": obcięcie z "double" do "T"
          with
          [
              T=float
          ]
C:\Users\andrz\Desktop\c++ obiektowy\Project2\Project2\pacman.cpp(732,23): warning C4018: "<": niezgodność typu ze znakiem/bez znaku
C:\Users\andrz\Desktop\c++ obiektowy\Project2\Project2\pacman.cpp(743,23): warning C4018: "<": niezgodność typu ze znakiem/bez znaku
C:\Users\andrz\Desktop\c++ obiektowy\Project2\Project2\pacman.cpp(749,23): warning C4018: "<": niezgodność typu ze znakiem/bez znaku
C:\Users\andrz\Desktop\c++ obiektowy\Project2\Project2\pacman.cpp(758,27): warning C4018: "<": niezgodność typu ze znakiem/bez znaku
C:\Users\andrz\Desktop\c++ obiektowy\Project2\Project2\pacman.cpp(773,31): warning C4018: "<": niezgodność typu ze znakiem/bez znaku
C:\Users\andrz\Desktop\c++ obiektowy\Project2\Project2\pacman.cpp(777,35): warning C4018: "<": niezgodność typu ze znakiem/bez znaku
C:\Users\andrz\Desktop\c++ obiektowy\Project2\Project2\pacman.cpp(791,23): warning C4018: "<": niezgodność typu ze znakiem/bez znaku
C:\Users\andrz\Desktop\c++ obiektowy\Project2\Project2\pacman.cpp(821,23): warning C4018: "<": niezgodność typu ze znakiem/bez znaku
C:\Users\andrz\Desktop\c++ obiektowy\Project2\Project2\pacman.cpp(849,23): warning C4018: "<": niezgodność typu ze znakiem/bez znaku
C:\Users\andrz\Desktop\c++ obiektowy\Project2\Project2\pacman.cpp(863,23): warning C4018: "<": niezgodność typu ze znakiem/bez znaku
C:\Users\andrz\Desktop\c++ obiektowy\Project2\Project2\pacman.cpp(914,41): warning C4305: "argument": obcięcie z "double" do "T"
          with
          [
              T=float
          ]
C:\Users\andrz\Desktop\c++ obiektowy\Project2\Project2\pacman.cpp(915,41): warning C4305: "argument": obcięcie z "double" do "T"
          with
          [
              T=float
          ]
C:\Users\andrz\Desktop\c++ obiektowy\Project2\Project2\pacman.cpp(921,23): warning C4018: "<": niezgodność typu ze znakiem/bez znaku
C:\Users\andrz\Desktop\c++ obiektowy\Project2\Project2\pacman.cpp(929,27): warning C4018: "<": niezgodność typu ze znakiem/bez znaku
C:\Users\andrz\Desktop\c++ obiektowy\Project2\Project2\pacman.cpp(1015,23): warning C4018: "<=": niezgodność typu ze znakiem/bez znaku
Main.obj : error LNK2001: nierozpoznany symbol zewnętrzny "__declspec(dllimport) public: static class sf::RenderStates const sf::RenderStates::Default" (__imp_?Default@RenderStates@sf@@2V12@B)
Main.obj : error LNK2001: nierozpoznany symbol zewnętrzny "__declspec(dllimport) public: class sf::Time __thiscall sf::Clock::restart(void)" (__imp_?restart@Clock@sf@@QAE?AVTime@2@XZ)
Main.obj : error LNK2001: nierozpoznany symbol zewnętrzny "__declspec(dllimport) public: class sf::Time __thiscall sf::Clock::getElapsedTime(void)const " (__imp_?getElapsedTime@Clock@sf@@QBE?AVTime@2@XZ)
Main.obj : error LNK2001: nierozpoznany symbol zewnętrzny "__declspec(dllimport) public: __thiscall sf::Clock::Clock(void)" (__imp_??0Clock@sf@@QAE@XZ)
Main.obj : error LNK2001: nierozpoznany symbol zewnętrzny "__declspec(dllimport) public: float __thiscall sf::Time::asSeconds(void)const " (__imp_?asSeconds@Time@sf@@QBEMXZ)
Main.obj : error LNK2001: nierozpoznany symbol zewnętrzny "__declspec(dllimport) public: __thiscall sf::Texture::~Texture(void)" (__imp_??1Texture@sf@@QAE@XZ)
Main.obj : error LNK2001: nierozpoznany symbol zewnętrzny "__declspec(dllimport) public: __thiscall sf::Texture::Texture(void)" (__imp_??0Texture@sf@@QAE@XZ)
Main.obj : error LNK2001: nierozpoznany symbol zewnętrzny "__declspec(dllimport) public: __thiscall sf::Texture::Texture(class sf::Texture const &)" (__imp_??0Texture@sf@@QAE@ABV01@@Z)
Main.obj : error LNK2001: nierozpoznany symbol zewnętrzny "__declspec(dllimport) public: __thiscall sf::Font::~Font(void)" (__imp_??1Font@sf@@QAE@XZ)
Main.obj : error LNK2001: nierozpoznany symbol zewnętrzny "__declspec(dllimport) public: virtual __thiscall sf::RenderWindow::~RenderWindow(void)" (__imp_??1RenderWindow@sf@@UAE@XZ)
Main.obj : error LNK2001: nierozpoznany symbol zewnętrzny "__declspec(dllimport) public: __thiscall sf::RenderWindow::RenderWindow(class sf::VideoMode,class sf::String const &,unsigned int,struct sf::ContextSettings const &)" (__imp_??0RenderWindow@sf@@QAE@VVideoMode@1@ABVString@1@IABUContextSettings@1@@Z)
Main.obj : error LNK2001: nierozpoznany symbol zewnętrzny "__declspec(dllimport) public: __thiscall sf::Color::Color(void)" (__imp_??0Color@sf@@QAE@XZ)
Main.obj : error LNK2001: nierozpoznany symbol zewnętrzny "__declspec(dllimport) public: __thiscall sf::Color::Color(unsigned char,unsigned char,unsigned char,unsigned char)" (__imp_??0Color@sf@@QAE@EEEE@Z)
Main.obj : error LNK2001: nierozpoznany symbol zewnętrzny "__declspec(dllimport) public: static class sf::Color const sf::Color::Red" (__imp_?Red@Color@sf@@2V12@B)
Main.obj : error LNK2001: nierozpoznany symbol zewnętrzny "__declspec(dllimport) bool __cdecl sf::operator==(class sf::Color const &,class sf::Color const &)" (__imp_??8sf@@YA_NABVColor@0@0@Z)
Main.obj : error LNK2001: nierozpoznany symbol zewnętrzny "__declspec(dllimport) public: void __thiscall sf::Window::display(void)" (__imp_?display@Window@sf@@QAEXXZ)
Main.obj : error LNK2001: nierozpoznany symbol zewnętrzny "__declspec(dllimport) public: bool __thiscall sf::Window::pollEvent(class sf::Event &)" (__imp_?pollEvent@Window@sf@@QAE_NAAVEvent@2@@Z)
Main.obj : error LNK2001: nierozpoznany symbol zewnętrzny "__declspec(dllimport) public: bool __thiscall sf::Window::isOpen(void)const " (__imp_?isOpen@Window@sf@@QBE_NXZ)
Main.obj : error LNK2001: nierozpoznany symbol zewnętrzny "__declspec(dllimport) public: void __thiscall sf::Window::close(void)" (__imp_?close@Window@sf@@QAEXXZ)
Main.obj : error LNK2001: nierozpoznany symbol zewnętrzny "__declspec(dllimport) public: void __thiscall sf::RenderTarget::draw(class sf::Drawable const &,class sf::RenderStates const &)" (__imp_?draw@RenderTarget@sf@@QAEXABVDrawable@2@ABVRenderStates@2@@Z)
Main.obj : error LNK2001: nierozpoznany symbol zewnętrzny "__declspec(dllimport) public: void __thiscall sf::RenderTarget::clear(class sf::Color const &)" (__imp_?clear@RenderTarget@sf@@QAEXABVColor@2@@Z)
    Wskazówki dla symboli, które są zdefiniowane i mogą potencjalnie pasować:
      "__declspec(dllimport) public: void __thiscall std::basic_ios<char,struct std::char_traits<char> >::clear(int,bool)" (__imp_?clear@?$basic_ios@DU?$char_traits@D@std@@@std@@QAEXH_N@Z)
Main.obj : error LNK2001: nierozpoznany symbol zewnętrzny "__declspec(dllimport) public: class sf::Color const & __thiscall sf::Shape::getFillColor(void)const " (__imp_?getFillColor@Shape@sf@@QBEABVColor@2@XZ)
Main.obj : error LNK2001: nierozpoznany symbol zewnętrzny "__declspec(dllimport) public: void __thiscall sf::Shape::setFillColor(class sf::Color const &)" (__imp_?setFillColor@Shape@sf@@QAEXABVColor@2@@Z)
Main.obj : error LNK2001: nierozpoznany symbol zewnętrzny "__declspec(dllimport) public: __thiscall sf::String::String(char const *,class std::locale const &)" (__imp_??0String@sf@@QAE@PBDABVlocale@std@@@Z)
Main.obj : error LNK2001: nierozpoznany symbol zewnętrzny "__declspec(dllimport) public: __thiscall sf::VideoMode::VideoMode(unsigned int,unsigned int,unsigned int)" (__imp_??0VideoMode@sf@@QAE@III@Z)
Main.obj : error LNK2001: nierozpoznany symbol zewnętrzny "__declspec(dllimport) public: __thiscall sf::CircleShape::CircleShape(class sf::CircleShape &&)" (__imp_??0CircleShape@sf@@QAE@$$QAV01@@Z)
Main.obj : error LNK2001: nierozpoznany symbol zewnętrzny "__declspec(dllimport) public: virtual __thiscall sf::Text::~Text(void)" (__imp_??1Text@sf@@UAE@XZ)
Main.obj : error LNK2001: nierozpoznany symbol zewnętrzny "__declspec(dllimport) public: __thiscall sf::RectangleShape::RectangleShape(class sf::RectangleShape const &)" (__imp_??0RectangleShape@sf@@QAE@ABV01@@Z)
Main.obj : error LNK2001: nierozpoznany symbol zewnętrzny "__declspec(dllimport) public: virtual __thiscall sf::RectangleShape::~RectangleShape(void)" (__imp_??1RectangleShape@sf@@UAE@XZ)
Main.obj : error LNK2001: nierozpoznany symbol zewnętrzny "__declspec(dllimport) public: __thiscall sf::String::~String(void)" (__imp_??1String@sf@@QAE@XZ)
Main.obj : error LNK2001: nierozpoznany symbol zewnętrzny "__declspec(dllimport) public: virtual __thiscall sf::CircleShape::~CircleShape(void)" (__imp_??1CircleShape@sf@@UAE@XZ)
Main.obj : error LNK2001: nierozpoznany symbol zewnętrzny "__declspec(dllimport) public: void __thiscall sf::CircleShape::`default constructor closure'(void)" (__imp_??_FCircleShape@sf@@QAEXXZ)
pacman.obj : error LNK2001: nierozpoznany symbol zewnętrzny "__declspec(dllimport) public: virtual class sf::Vector2<float> __thiscall sf::CircleShape::getPoint(unsigned int)const " (__imp_?getPoint@CircleShape@sf@@UBE?AV?$Vector2@M@2@I@Z)
pacman.obj : error LNK2001: nierozpoznany symbol zewnętrzny "__declspec(dllimport) public: virtual unsigned int __thiscall sf::CircleShape::getPointCount(void)const " (__imp_?getPointCount@CircleShape@sf@@UBEIXZ)
pacman.obj : error LNK2001: nierozpoznany symbol zewnętrzny "__declspec(dllimport) public: float __thiscall sf::CircleShape::getRadius(void)const " (__imp_?getRadius@CircleShape@sf@@QBEMXZ)
pacman.obj : error LNK2001: nierozpoznany symbol zewnętrzny "__declspec(dllimport) public: void __thiscall sf::CircleShape::setRadius(float)" (__imp_?setRadius@CircleShape@sf@@QAEXM@Z)
pacman.obj : error LNK2001: nierozpoznany symbol zewnętrzny "__declspec(dllimport) public: __thiscall sf::CircleShape::CircleShape(float,unsigned int)" (__imp_??0CircleShape@sf@@QAE@MI@Z)
pacman.obj : error LNK2001: nierozpoznany symbol zewnętrzny "__declspec(dllimport) public: void __thiscall sf::Transformable::scale(float,float)" (__imp_?scale@Transformable@sf@@QAEXMM@Z)
pacman.obj : error LNK2001: nierozpoznany symbol zewnętrzny "__declspec(dllimport) public: void __thiscall sf::Transformable::rotate(float)" (__imp_?rotate@Transformable@sf@@QAEXM@Z)
pacman.obj : error LNK2001: nierozpoznany symbol zewnętrzny "__declspec(dllimport) public: void __thiscall sf::Transformable::move(float,float)" (__imp_?move@Transformable@sf@@QAEXMM@Z)
pacman.obj : error LNK2001: nierozpoznany symbol zewnętrzny "__declspec(dllimport) public: void __thiscall sf::Transformable::move(class sf::Vector2<float> const &)" (__imp_?move@Transformable@sf@@QAEXABV?$Vector2@M@2@@Z)
pacman.obj : error LNK2001: nierozpoznany symbol zewnętrzny "__declspec(dllimport) public: class sf::Vector2<float> const & __thiscall sf::Transformable::getScale(void)const " (__imp_?getScale@Transformable@sf@@QBEABV?$Vector2@M@2@XZ)
pacman.obj : error LNK2001: nierozpoznany symbol zewnętrzny "__declspec(dllimport) public: class sf::Vector2<float> const & __thiscall sf::Transformable::getPosition(void)const " (__imp_?getPosition@Transformable@sf@@QBEABV?$Vector2@M@2@XZ)
pacman.obj : error LNK2001: nierozpoznany symbol zewnętrzny "__declspec(dllimport) public: void __thiscall sf::Transformable::setOrigin(float,float)" (__imp_?setOrigin@Transformable@sf@@QAEXMM@Z)
pacman.obj : error LNK2001: nierozpoznany symbol zewnętrzny "__declspec(dllimport) public: void __thiscall sf::Transformable::setOrigin(class sf::Vector2<float> const &)" (__imp_?setOrigin@Transformable@sf@@QAEXABV?$Vector2@M@2@@Z)
pacman.obj : error LNK2001: nierozpoznany symbol zewnętrzny "__declspec(dllimport) public: void __thiscall sf::Transformable::setPosition(float,float)" (__imp_?setPosition@Transformable@sf@@QAEXMM@Z)
pacman.obj : error LNK2001: nierozpoznany symbol zewnętrzny "__declspec(dllimport) public: void __thiscall sf::Transformable::setPosition(class sf::Vector2<float> const &)" (__imp_?setPosition@Transformable@sf@@QAEXABV?$Vector2@M@2@@Z)
pacman.obj : error LNK2001: nierozpoznany symbol zewnętrzny "__declspec(dllimport) public: bool __thiscall sf::Texture::loadFromFile(class std::basic_string<char,struct std::char_traits<char>,class std::allocator<char> > const &,class sf::Rect<int> const &)" (__imp_?loadFromFile@Texture@sf@@QAE_NABV?$basic_string@DU?$char_traits@D@std@@V?$allocator@D@2@@std@@ABV?$Rect@H@2@@Z)
pacman.obj : error LNK2001: nierozpoznany symbol zewnętrzny "__declspec(dllimport) public: bool __thiscall sf::Font::loadFromFile(class std::basic_string<char,struct std::char_traits<char>,class std::allocator<char> > const &)" (__imp_?loadFromFile@Font@sf@@QAE_NABV?$basic_string@DU?$char_traits@D@std@@V?$allocator@D@2@@std@@@Z)
pacman.obj : error LNK2001: nierozpoznany symbol zewnętrzny "__declspec(dllimport) public: __thiscall sf::Font::Font(void)" (__imp_??0Font@sf@@QAE@XZ)
pacman.obj : error LNK2001: nierozpoznany symbol zewnętrzny "__declspec(dllimport) public: static class sf::Color const sf::Color::Transparent" (__imp_?Transparent@Color@sf@@2V12@B)
pacman.obj : error LNK2001: nierozpoznany symbol zewnętrzny "__declspec(dllimport) public: static class sf::Color const sf::Color::Green" (__imp_?Green@Color@sf@@2V12@B)
pacman.obj : error LNK2001: nierozpoznany symbol zewnętrzny "__declspec(dllimport) public: static bool __cdecl sf::Keyboard::isKeyPressed(enum sf::Keyboard::Key)" (__imp_?isKeyPressed@Keyboard@sf@@SA_NW4Key@12@@Z)
pacman.obj : error LNK2001: nierozpoznany symbol zewnętrzny "__declspec(dllimport) private: virtual void __thiscall sf::Shape::draw(class sf::RenderTarget &,class sf::RenderStates)const " (__imp_?draw@Shape@sf@@EBEXAAVRenderTarget@2@VRenderStates@2@@Z)
pacman.obj : error LNK2001: nierozpoznany symbol zewnętrzny "__declspec(dllimport) public: class sf::Rect<float> __thiscall sf::Shape::getLocalBounds(void)const " (__imp_?getLocalBounds@Shape@sf@@QBE?AV?$Rect@M@2@XZ)
pacman.obj : error LNK2001: nierozpoznany symbol zewnętrzny "__declspec(dllimport) public: void __thiscall sf::Shape::setTextureRect(class sf::Rect<int> const &)" (__imp_?setTextureRect@Shape@sf@@QAEXABV?$Rect@H@2@@Z)
pacman.obj : error LNK2001: nierozpoznany symbol zewnętrzny "__declspec(dllimport) public: void __thiscall sf::Shape::setTexture(class sf::Texture const *,bool)" (__imp_?setTexture@Shape@sf@@QAEXPBVTexture@2@_N@Z)
pacman.obj : error LNK2001: nierozpoznany symbol zewnętrzny "__declspec(dllimport) public: __thiscall sf::String::String(class std::basic_string<char,struct std::char_traits<char>,class std::allocator<char> > const &,class std::locale const &)" (__imp_??0String@sf@@QAE@ABV?$basic_string@DU?$char_traits@D@std@@V?$allocator@D@2@@std@@ABVlocale@3@@Z)
pacman.obj : error LNK2001: nierozpoznany symbol zewnętrzny "__declspec(dllimport) public: class sf::Vector2<float> const & __thiscall sf::RectangleShape::getSize(void)const " (__imp_?getSize@RectangleShape@sf@@QBEABV?$Vector2@M@2@XZ)
pacman.obj : error LNK2001: nierozpoznany symbol zewnętrzny "__declspec(dllimport) public: void __thiscall sf::RectangleShape::setSize(class sf::Vector2<float> const &)" (__imp_?setSize@RectangleShape@sf@@QAEXABV?$Vector2@M@2@@Z)
pacman.obj : error LNK2001: nierozpoznany symbol zewnętrzny "__declspec(dllimport) public: void __thiscall sf::Text::setFillColor(class sf::Color const &)" (__imp_?setFillColor@Text@sf@@QAEXABVColor@2@@Z)
pacman.obj : error LNK2001: nierozpoznany symbol zewnętrzny "__declspec(dllimport) public: void __thiscall sf::Text::setCharacterSize(unsigned int)" (__imp_?setCharacterSize@Text@sf@@QAEXI@Z)
pacman.obj : error LNK2001: nierozpoznany symbol zewnętrzny "__declspec(dllimport) public: void __thiscall sf::Text::setFont(class sf::Font const &)" (__imp_?setFont@Text@sf@@QAEXABVFont@2@@Z)
pacman.obj : error LNK2001: nierozpoznany symbol zewnętrzny "__declspec(dllimport) public: void __thiscall sf::Text::setString(class sf::String const &)" (__imp_?setString@Text@sf@@QAEXABVString@2@@Z)
pacman.obj : error LNK2001: nierozpoznany symbol zewnętrzny "__declspec(dllimport) public: __thiscall sf::Text::Text(void)" (__imp_??0Text@sf@@QAE@XZ)
pacman.obj : error LNK2001: nierozpoznany symbol zewnętrzny "__declspec(dllimport) public: __thiscall sf::CircleShape::CircleShape(class sf::CircleShape const &)" (__imp_??0CircleShape@sf@@QAE@ABV01@@Z)
pacman.obj : error LNK2001: nierozpoznany symbol zewnętrzny "__declspec(dllimport) public: void __thiscall sf::RectangleShape::`default constructor closure'(void)" (__imp_??_FRectangleShape@sf@@QAEXXZ)
C:\Users\andrz\Desktop\c++ obiektowy\Project2\Release\Project2.exe : fatal error LNK1120: liczba nierozpoznanych elementów zewnętrznych: 67
